# JRE version: OpenJDK Runtime Environment (8.0_152-b02) (build 1.8.0_152-release-1024-b02)
# Java VM: OpenJDK 64-Bit Server VM (25.152-b02 mixed mode windows-amd64 compressed oops)
Heap:
 PSYoungGen      total 408576K, used 243552K [0x00000000e0000000, 0x00000000ff980000, 0x0000000100000000)
  eden space 381952K, 63% used [0x00000000e0000000,0x00000000eecd0110,0x00000000f7500000)
  from space 26624K, 3% used [0x00000000f7500000,0x00000000f7608020,0x00000000f8f00000)
  to   space 26624K, 0% used [0x00000000fdf80000,0x00000000fdf80000,0x00000000ff980000)
 ParOldGen       total 141312K, used 84803K [0x00000000a0000000, 0x00000000a8a00000, 0x00000000e0000000)
  object space 141312K, 60% used [0x00000000a0000000,0x00000000a52d0f18,0x00000000a8a00000)
 Metaspace       used 91201K, capacity 95696K, committed 95960K, reserved 1132544K
  class space    used 11506K, capacity 12450K, committed 12544K, reserved 1048576K
GC Heap History (10 events):
Event: 1674.618 GC heap before
{Heap before GC invocations=30 (full 3):
 PSYoungGen      total 289280K, used 273942K [0x00000000e0000000, 0x00000000f3580000, 0x0000000100000000)
  eden space 262656K, 100% used [0x00000000e0000000,0x00000000f0080000,0x00000000f0080000)
  from space 26624K, 42% used [0x00000000f1b80000,0x00000000f2685b80,0x00000000f3580000)
  to   space 27136K, 0% used [0x00000000f0080000,0x00000000f0080000,0x00000000f1b00000)
 ParOldGen       total 141312K, used 74913K [0x00000000a0000000, 0x00000000a8a00000, 0x00000000e0000000)
  object space 141312K, 53% used [0x00000000a0000000,0x00000000a49284e8,0x00000000a8a00000)
 Metaspace       used 90157K, capacity 94474K, committed 94552K, reserved 1132544K
  class space    used 11437K, capacity 12377K, committed 12416K, reserved 1048576K
Event: 1674.634 GC heap after
Heap after GC invocations=30 (full 3):
 PSYoungGen      total 289792K, used 2030K [0x00000000e0000000, 0x00000000f6580000, 0x0000000100000000)
  eden space 262656K, 0% used [0x00000000e0000000,0x00000000e0000000,0x00000000f0080000)
  from space 27136K, 7% used [0x00000000f0080000,0x00000000f027bb28,0x00000000f1b00000)
  to   space 27648K, 0% used [0x00000000f4a80000,0x00000000f4a80000,0x00000000f6580000)
 ParOldGen       total 141312K, used 76777K [0x00000000a0000000, 0x00000000a8a00000, 0x00000000e0000000)
  object space 141312K, 54% used [0x00000000a0000000,0x00000000a4afa508,0x00000000a8a00000)
 Metaspace       used 90157K, capacity 94474K, committed 94552K, reserved 1132544K
  class space    used 11437K, capacity 12377K, committed 12416K, reserved 1048576K
}
Event: 1674.640 GC heap before
{Heap before GC invocations=31 (full 3):
 PSYoungGen      total 289792K, used 3089K [0x00000000e0000000, 0x00000000f6580000, 0x0000000100000000)
  eden space 262656K, 0% used [0x00000000e0000000,0x00000000e0108ac8,0x00000000f0080000)
  from space 27136K, 7% used [0x00000000f0080000,0x00000000f027bb28,0x00000000f1b00000)
  to   space 27648K, 0% used [0x00000000f4a80000,0x00000000f4a80000,0x00000000f6580000)
 ParOldGen       total 141312K, used 76777K [0x00000000a0000000, 0x00000000a8a00000, 0x00000000e0000000)
  object space 141312K, 54% used [0x00000000a0000000,0x00000000a4afa508,0x00000000a8a00000)
 Metaspace       used 90157K, capacity 94474K, committed 94552K, reserved 1132544K
  class space    used 11437K, capacity 12377K, committed 12416K, reserved 1048576K
Event: 1674.648 GC heap after
Heap after GC invocations=31 (full 3):
 PSYoungGen      total 337920K, used 96K [0x00000000e0000000, 0x00000000f7880000, 0x0000000100000000)
  eden space 310272K, 0% used [0x00000000e0000000,0x00000000e0000000,0x00000000f2f00000)
  from space 27648K, 0% used [0x00000000f4a80000,0x00000000f4a98000,0x00000000f6580000)
  to   space 28160K, 0% used [0x00000000f2f00000,0x00000000f2f00000,0x00000000f4a80000)
 ParOldGen       total 141312K, used 78710K [0x00000000a0000000, 0x00000000a8a00000, 0x00000000e0000000)
  object space 141312K, 55% used [0x00000000a0000000,0x00000000a4cdd9a8,0x00000000a8a00000)
 Metaspace       used 90157K, capacity 94474K, committed 94552K, reserved 1132544K
  class space    used 11437K, capacity 12377K, committed 12416K, reserved 1048576K
}
Event: 1675.763 GC heap before
{Heap before GC invocations=32 (full 3):
 PSYoungGen      total 337920K, used 310368K [0x00000000e0000000, 0x00000000f7880000, 0x0000000100000000)
  eden space 310272K, 100% used [0x00000000e0000000,0x00000000f2f00000,0x00000000f2f00000)
  from space 27648K, 0% used [0x00000000f4a80000,0x00000000f4a98000,0x00000000f6580000)
  to   space 28160K, 0% used [0x00000000f2f00000,0x00000000f2f00000,0x00000000f4a80000)
 ParOldGen       total 141312K, used 78710K [0x00000000a0000000, 0x00000000a8a00000, 0x00000000e0000000)
  object space 141312K, 55% used [0x00000000a0000000,0x00000000a4cdd9a8,0x00000000a8a00000)
 Metaspace       used 90280K, capacity 94616K, committed 94808K, reserved 1132544K
  class space    used 11438K, capacity 12378K, committed 12416K, reserved 1048576K
Event: 1675.781 GC heap after
Heap after GC invocations=32 (full 3):
 PSYoungGen      total 338432K, used 6854K [0x00000000e0000000, 0x00000000fad80000, 0x0000000100000000)
  eden space 310272K, 0% used [0x00000000e0000000,0x00000000e0000000,0x00000000f2f00000)
  from space 28160K, 24% used [0x00000000f2f00000,0x00000000f35b1b08,0x00000000f4a80000)
  to   space 27136K, 0% used [0x00000000f9300000,0x00000000f9300000,0x00000000fad80000)
 ParOldGen       total 141312K, used 78742K [0x00000000a0000000, 0x00000000a8a00000, 0x00000000e0000000)
  object space 141312K, 55% used [0x00000000a0000000,0x00000000a4ce59a8,0x00000000a8a00000)
 Metaspace       used 90280K, capacity 94616K, committed 94808K, reserved 1132544K
  class space    used 11438K, capacity 12378K, committed 12416K, reserved 1048576K
}
Event: 1676.350 GC heap before
{Heap before GC invocations=33 (full 3):
 PSYoungGen      total 338432K, used 317126K [0x00000000e0000000, 0x00000000fad80000, 0x0000000100000000)
  eden space 310272K, 100% used [0x00000000e0000000,0x00000000f2f00000,0x00000000f2f00000)
  from space 28160K, 24% used [0x00000000f2f00000,0x00000000f35b1b08,0x00000000f4a80000)
  to   space 27136K, 0% used [0x00000000f9300000,0x00000000f9300000,0x00000000fad80000)
 ParOldGen       total 141312K, used 78742K [0x00000000a0000000, 0x00000000a8a00000, 0x00000000e0000000)
  object space 141312K, 55% used [0x00000000a0000000,0x00000000a4ce59a8,0x00000000a8a00000)
 Metaspace       used 90320K, capacity 94624K, committed 94808K, reserved 1132544K
  class space    used 11438K, capacity 12378K, committed 12416K, reserved 1048576K
Event: 1676.368 GC heap after
Heap after GC invocations=33 (full 3):
 PSYoungGen      total 404480K, used 4848K [0x00000000e0000000, 0x00000000fa900000, 0x0000000100000000)
  eden space 381952K, 0% used [0x00000000e0000000,0x00000000e0000000,0x00000000f7500000)
  from space 22528K, 21% used [0x00000000f9300000,0x00000000f97bc030,0x00000000fa900000)
  to   space 26624K, 0% used [0x00000000f7500000,0x00000000f7500000,0x00000000f8f00000)
 ParOldGen       total 141312K, used 82348K [0x00000000a0000000, 0x00000000a8a00000, 0x00000000e0000000)
  object space 141312K, 58% used [0x00000000a0000000,0x00000000a506b028,0x00000000a8a00000)
 Metaspace       used 90320K, capacity 94624K, committed 94808K, reserved 1132544K
  class space    used 11438K, capacity 12378K, committed 12416K, reserved 1048576K
}
Event: 1679.192 GC heap before
{Heap before GC invocations=34 (full 3):
 PSYoungGen      total 404480K, used 386800K [0x00000000e0000000, 0x00000000fa900000, 0x0000000100000000)
  eden space 381952K, 100% used [0x00000000e0000000,0x00000000f7500000,0x00000000f7500000)
  from space 22528K, 21% used [0x00000000f9300000,0x00000000f97bc030,0x00000000fa900000)
  to   space 26624K, 0% used [0x00000000f7500000,0x00000000f7500000,0x00000000f8f00000)
 ParOldGen       total 141312K, used 82348K [0x00000000a0000000, 0x00000000a8a00000, 0x00000000e0000000)
  object space 141312K, 58% used [0x00000000a0000000,0x00000000a506b028,0x00000000a8a00000)
 Metaspace       used 90574K, capacity 94938K, committed 95064K, reserved 1132544K
  class space    used 11451K, capacity 12389K, committed 12416K, reserved 1048576K
Event: 1679.206 GC heap after
Heap after GC invocations=34 (full 3):
 PSYoungGen      total 408576K, used 1056K [0x00000000e0000000, 0x00000000ff980000, 0x0000000100000000)
  eden space 381952K, 0% used [0x00000000e0000000,0x00000000e0000000,0x00000000f7500000)
  from space 26624K, 3% used [0x00000000f7500000,0x00000000f7608020,0x00000000f8f00000)
  to   space 26624K, 0% used [0x00000000fdf80000,0x00000000fdf80000,0x00000000ff980000)
 ParOldGen       total 141312K, used 84803K [0x00000000a0000000, 0x00000000a8a00000, 0x00000000e0000000)
  object space 141312K, 60% used [0x00000000a0000000,0x00000000a52d0f18,0x00000000a8a00000)
 Metaspace       used 90574K, capacity 94938K, committed 95064K, reserved 1132544K
  class space    used 11451K, capacity 12389K, committed 12416K, reserved 1048576K
}

